<?xml version="1.0" encoding="UTF-8" ?>
<testsuite tests="11" failures="3" name="TestSuite" time="5.231" errors="0" skipped="0">
  <properties>
[...]
</properties>
  <testcase classname="com.prao.ainterview.tmdb.automation.movies.MoviesAPITest" name="testGetDetailsForMovieIDTwo" time="2.539"/>
  <testcase classname="com.prao.ainterview.tmdb.automation.movies.MoviesAPITest" name="testGetPopularMovieWorksForInternalLanguageCode" time="0.141"/>
  <testcase classname="com.prao.ainterview.tmdb.automation.movies.MoviesAPITest" name="testGetPopularMovieWorksFor2DigitCode" time="0.115"/>
  <testcase classname="com.prao.ainterview.tmdb.automation.movies.MoviesAPITest" name="testGetMovieDetailsByIdShouldHaveLimitOnIDCharacterLength" time="0.131">
    <failure message="status code was not Httpstatus.SC_UNPROCESSABLE_ENTITY 422 (Unprocessable Entity) status code means expected [422] but found [200]" type="java.lang.AssertionError">java.lang.AssertionError: status code was not Httpstatus.SC_UNPROCESSABLE_ENTITY 422 (Unprocessable Entity) status code means expected [422] but found [200]
	at org.testng.Assert.fail(Assert.java:96)
	at org.testng.Assert.failNotEquals(Assert.java:776)
	at org.testng.Assert.assertEqualsImpl(Assert.java:137)
	at org.testng.Assert.assertEquals(Assert.java:118)
	at org.testng.Assert.assertEquals(Assert.java:652)
	at com.prao.ainterview.tmdb.automation.movies.MoviesAPITest.testGetMovieDetailsByIdShouldHaveLimitOnIDCharacterLength(MoviesAPITest.java:165)
</failure>
  </testcase>
  <testcase classname="com.prao.ainterview.tmdb.automation.movies.MoviesAPITest" name="testGetMovieDetailsByIdShouldNotAcceptNegativeNumbersAsID" time="0.105">
    <failure message="status code was not Httpstatus.SC_UNPROCESSABLE_ENTITY 422 (Unprocessable Entity) status code means expected [422] but found [404]" type="java.lang.AssertionError">java.lang.AssertionError: status code was not Httpstatus.SC_UNPROCESSABLE_ENTITY 422 (Unprocessable Entity) status code means expected [422] but found [404]
	at org.testng.Assert.fail(Assert.java:96)
	at org.testng.Assert.failNotEquals(Assert.java:776)
	at org.testng.Assert.assertEqualsImpl(Assert.java:137)
	at org.testng.Assert.assertEquals(Assert.java:118)
	at org.testng.Assert.assertEquals(Assert.java:652)
	at com.prao.ainterview.tmdb.automation.movies.MoviesAPITest.testGetMovieDetailsByIdShouldNotAcceptNegativeNumbersAsID(MoviesAPITest.java:185)
</failure>
  </testcase>
  <testcase classname="com.prao.ainterview.tmdb.automation.movies.MoviesAPITest" name="testGetMovieDetailsByIdShouldNotAcceptXSSVulnerableStrings" time="0.101"/>
  <testcase classname="com.prao.ainterview.tmdb.automation.movies.MoviesAPITest" name="testGetMovieDetailsByIdShouldNotAcceptXSSVulnerableStrings" time="0.102"/>
  <testcase classname="com.prao.ainterview.tmdb.automation.movies.MoviesAPITest" name="testGetMovieDetailsByIdShouldNotAcceptXSSVulnerableStrings" time="0.126"/>
  <testcase classname="com.prao.ainterview.tmdb.automation.movies.MoviesAPITest" name="testGetMovieDetailsByIdShouldNotAcceptXSSVulnerableStrings" time="0.118"/>
  <testcase classname="com.prao.ainterview.tmdb.automation.movies.MoviesAPITest" name="testGetMovieDetailsByIdShouldThrowMeaningfulErrorForInvalidLanguageString" time="1.161">
    <failure message="status code was not Httpstatus.SC_UNPROCESSABLE_ENTITY 422 (Unprocessable Entity) status code means expected [422] but found [200]" type="java.lang.AssertionError">java.lang.AssertionError: status code was not Httpstatus.SC_UNPROCESSABLE_ENTITY 422 (Unprocessable Entity) status code means expected [422] but found [200]
	at org.testng.Assert.fail(Assert.java:96)
	at org.testng.Assert.failNotEquals(Assert.java:776)
	at org.testng.Assert.assertEqualsImpl(Assert.java:137)
	at org.testng.Assert.assertEquals(Assert.java:118)
	at org.testng.Assert.assertEquals(Assert.java:652)
	at com.prao.ainterview.tmdb.automation.movies.MoviesAPITest.testGetMovieDetailsByIdShouldThrowMeaningfulErrorForInvalidLanguageString(MoviesAPITest.java:127)
</failure>
  </testcase>
  <testcase classname="com.prao.ainterview.tmdb.automation.movies.MoviesAPITest" name="testGetMovieDetailsByIdShouldThrowMeaningfulErrorForEmptyAPIKey" time="0.199"/>
</testsuite>