<?xml version="1.0" encoding="UTF-8"?>
<!-- Generated by org.testng.reporters.JUnitXMLReporter -->
<testsuite hostname="C02TV21YHTDD" ignored="0" name="MovieAPIAll" tests="11" failures="3" timestamp="10 Feb 2020 02:41:48 GMT" time="4.863" errors="0">
  <testcase name="testGetDetailsForMovieIDTwo" time="2.539" classname="com.prao.ainterview.tmdb.automation.movies.MoviesAPITest"/>
  <testcase name="testGetPopularMovieWorksForInternalLanguageCode" time="0.141" classname="com.prao.ainterview.tmdb.automation.movies.MoviesAPITest"/>
  <testcase name="testGetPopularMovieWorksFor2DigitCode" time="0.114" classname="com.prao.ainterview.tmdb.automation.movies.MoviesAPITest"/>
  <testcase name="testGetMovieDetailsByIdShouldHaveLimitOnIDCharacterLength" time="0.128" classname="com.prao.ainterview.tmdb.automation.movies.MoviesAPITest">
    <failure type="java.lang.AssertionError" message="status code was not Httpstatus.SC_UNPROCESSABLE_ENTITY 422 (Unprocessable Entity) status code means expected [422] but found [200]">
      <![CDATA[java.lang.AssertionError: status code was not Httpstatus.SC_UNPROCESSABLE_ENTITY 422 (Unprocessable Entity) status code means expected [422] but found [200]
at com.prao.ainterview.tmdb.automation.movies.MoviesAPITest.testGetMovieDetailsByIdShouldHaveLimitOnIDCharacterLength(MoviesAPITest.java:165)
at com.sun.proxy.$Proxy0.invoke(Unknown Source)
... Removed 38 stack frames]]>
    </failure>
  </testcase> <!-- testGetMovieDetailsByIdShouldHaveLimitOnIDCharacterLength -->
  <testcase name="testGetMovieDetailsByIdShouldNotAcceptNegativeNumbersAsID" time="0.105" classname="com.prao.ainterview.tmdb.automation.movies.MoviesAPITest">
    <failure type="java.lang.AssertionError" message="status code was not Httpstatus.SC_UNPROCESSABLE_ENTITY 422 (Unprocessable Entity) status code means expected [422] but found [404]">
      <![CDATA[java.lang.AssertionError: status code was not Httpstatus.SC_UNPROCESSABLE_ENTITY 422 (Unprocessable Entity) status code means expected [422] but found [404]
at com.prao.ainterview.tmdb.automation.movies.MoviesAPITest.testGetMovieDetailsByIdShouldNotAcceptNegativeNumbersAsID(MoviesAPITest.java:185)
at com.sun.proxy.$Proxy0.invoke(Unknown Source)
... Removed 38 stack frames]]>
    </failure>
  </testcase> <!-- testGetMovieDetailsByIdShouldNotAcceptNegativeNumbersAsID -->
  <testcase name="testGetMovieDetailsByIdShouldNotAcceptXSSVulnerableStrings" time="0.103" classname="com.prao.ainterview.tmdb.automation.movies.MoviesAPITest"/>
  <testcase name="testGetMovieDetailsByIdShouldNotAcceptXSSVulnerableStrings" time="0.102" classname="com.prao.ainterview.tmdb.automation.movies.MoviesAPITest"/>
  <testcase name="testGetMovieDetailsByIdShouldNotAcceptXSSVulnerableStrings" time="0.126" classname="com.prao.ainterview.tmdb.automation.movies.MoviesAPITest"/>
  <testcase name="testGetMovieDetailsByIdShouldNotAcceptXSSVulnerableStrings" time="0.118" classname="com.prao.ainterview.tmdb.automation.movies.MoviesAPITest"/>
  <testcase name="testGetMovieDetailsByIdShouldThrowMeaningfulErrorForInvalidLanguageString" time="1.161" classname="com.prao.ainterview.tmdb.automation.movies.MoviesAPITest">
    <failure type="java.lang.AssertionError" message="status code was not Httpstatus.SC_UNPROCESSABLE_ENTITY 422 (Unprocessable Entity) status code means expected [422] but found [200]">
      <![CDATA[java.lang.AssertionError: status code was not Httpstatus.SC_UNPROCESSABLE_ENTITY 422 (Unprocessable Entity) status code means expected [422] but found [200]
at com.prao.ainterview.tmdb.automation.movies.MoviesAPITest.testGetMovieDetailsByIdShouldThrowMeaningfulErrorForInvalidLanguageString(MoviesAPITest.java:127)
at com.sun.proxy.$Proxy0.invoke(Unknown Source)
... Removed 38 stack frames]]>
    </failure>
  </testcase> <!-- testGetMovieDetailsByIdShouldThrowMeaningfulErrorForInvalidLanguageString -->
  <testcase name="testGetMovieDetailsByIdShouldThrowMeaningfulErrorForEmptyAPIKey" time="0.199" classname="com.prao.ainterview.tmdb.automation.movies.MoviesAPITest"/>
</testsuite> <!-- MovieAPIAll -->
